This is pdfTeX, Version 3.14159265-2.6-1.40.18 (TeX Live 2017/Debian) (preloaded format=pdflatex 2019.1.19)  24 APR 2019 23:39
entering extended mode
 restricted \write18 enabled.
 %&-line parsing enabled.
**Monografia_MDJVI_Dennis.tex
(./Monografia_MDJVI_Dennis.tex
LaTeX2e <2017-04-15>
Babel <3.18> and hyphenation patterns for 4 language(s) loaded.
(./repUERJ.cls
Document Class: repUERJ 2013/06/01 v7.0
(/usr/share/texlive/texmf-dist/tex/latex/base/ifthen.sty
Package: ifthen 2014/09/29 v1.1c Standard LaTeX ifthen package (DPC)
)
(/usr/share/texlive/texmf-dist/tex/generic/ulem/ulem.sty
\UL@box=\box26
\UL@hyphenbox=\box27
\UL@skip=\skip41
\UL@hook=\toks14
\UL@height=\dimen102
\UL@pe=\count79
\UL@pixel=\dimen103
\ULC@box=\box28
Package: ulem 2012/05/18
\ULdepth=\dimen104
)
(/usr/share/texlive/texmf-dist/tex/latex/float/float.sty
Package: float 2001/11/08 v1.3d Float enhancements (AL)
\c@float@type=\count80
\float@exts=\toks15
\float@box=\box29
\@float@everytoks=\toks16
\@floatcapt=\box30
)
(/usr/share/texlive/texmf-dist/tex/latex/caption/caption.sty
Package: caption 2016/02/21 v3.3-144 Customizing captions (AR)

(/usr/share/texlive/texmf-dist/tex/latex/caption/caption3.sty
Package: caption3 2016/05/22 v1.7-166 caption3 kernel (AR)
Package caption3 Info: TeX engine: e-TeX on input line 67.

(/usr/share/texlive/texmf-dist/tex/latex/graphics/keyval.sty
Package: keyval 2014/10/28 v1.15 key=value parser (DPC)
\KV@toks@=\toks17
)
\captionmargin=\dimen105
\captionmargin@=\dimen106
\captionwidth=\dimen107
\caption@tempdima=\dimen108
\caption@indent=\dimen109
\caption@parindent=\dimen110
\caption@hangindent=\dimen111
\abovecaptionskip=\skip42
\belowcaptionskip=\skip43
Package caption Info: Unknown document class (or package),
(caption)             standard defaults will be used.
)

Package caption Warning: Unsupported document class (or package) detected,
(caption)                usage of the caption package is not recommended.
See the caption package documentation for explanation.

Package caption Info: \@makecaption = undefined.
\c@ContinuedFloat=\count81
Package caption Info: float package is loaded.
) (/usr/share/texlive/texmf-dist/tex/latex/xcolor/xcolor.sty
Package: xcolor 2016/05/11 v2.12 LaTeX color extensions (UK)

(/usr/share/texlive/texmf-dist/tex/latex/graphics-cfg/color.cfg
File: color.cfg 2016/01/02 v1.6 sample color configuration
)
Package xcolor Info: Driver file: pdftex.def on input line 225.

(/usr/share/texlive/texmf-dist/tex/latex/graphics-def/pdftex.def
File: pdftex.def 2018/01/08 v1.0l Graphics/color driver for pdftex
)
Package xcolor Info: Model `cmy' substituted by `cmy0' on input line 1348.
Package xcolor Info: Model `hsb' substituted by `rgb' on input line 1352.
Package xcolor Info: Model `RGB' extended on input line 1364.
Package xcolor Info: Model `HTML' substituted by `rgb' on input line 1366.
Package xcolor Info: Model `Hsb' substituted by `hsb' on input line 1367.
Package xcolor Info: Model `tHsb' substituted by `hsb' on input line 1368.
Package xcolor Info: Model `HSB' substituted by `hsb' on input line 1369.
Package xcolor Info: Model `Gray' substituted by `gray' on input line 1370.
Package xcolor Info: Model `wave' substituted by `hsb' on input line 1371.

(/usr/share/texlive/texmf-dist/tex/latex/graphics/dvipsnam.def
File: dvipsnam.def 2016/06/17 v3.0m Driver-dependent file (DPC,SPQR)
)
(/usr/share/texlive/texmf-dist/tex/latex/xcolor/svgnam.def
File: svgnam.def 2016/05/11 v2.12 Predefined colors according to SVG 1.1 (UK)
))
(/usr/share/texlive/texmf-dist/tex/latex/pdfpages/pdfpages.sty
Package: pdfpages 2017/10/31 v0.5l Insert pages of external PDF documents (AM)

(/usr/share/texlive/texmf-dist/tex/latex/tools/calc.sty
Package: calc 2014/10/28 v4.3 Infix arithmetic (KKT,FJ)
\calc@Acount=\count82
\calc@Bcount=\count83
\calc@Adimen=\dimen112
\calc@Bdimen=\dimen113
\calc@Askip=\skip44
\calc@Bskip=\skip45
LaTeX Info: Redefining \setlength on input line 80.
LaTeX Info: Redefining \addtolength on input line 81.
\calc@Ccount=\count84
\calc@Cskip=\skip46
)
(/usr/share/texlive/texmf-dist/tex/latex/eso-pic/eso-pic.sty
Package: eso-pic 2015/07/21 v2.0g eso-pic (RN)

(/usr/share/texlive/texmf-dist/tex/generic/oberdiek/atbegshi.sty
Package: atbegshi 2016/06/09 v1.18 At begin shipout hook (HO)

(/usr/share/texlive/texmf-dist/tex/generic/oberdiek/infwarerr.sty
Package: infwarerr 2016/05/16 v1.4 Providing info/warning/error messages (HO)
)
(/usr/share/texlive/texmf-dist/tex/generic/oberdiek/ltxcmds.sty
Package: ltxcmds 2016/05/16 v1.23 LaTeX kernel commands for general use (HO)
)
(/usr/share/texlive/texmf-dist/tex/generic/oberdiek/ifpdf.sty
Package: ifpdf 2017/03/15 v3.2 Provides the ifpdf switch
)))
(/usr/share/texlive/texmf-dist/tex/latex/graphics/graphicx.sty
Package: graphicx 2017/06/01 v1.1a Enhanced LaTeX Graphics (DPC,SPQR)

(/usr/share/texlive/texmf-dist/tex/latex/graphics/graphics.sty
Package: graphics 2017/06/25 v1.2c Standard LaTeX Graphics (DPC,SPQR)

(/usr/share/texlive/texmf-dist/tex/latex/graphics/trig.sty
Package: trig 2016/01/03 v1.10 sin cos tan (DPC)
)
(/usr/share/texlive/texmf-dist/tex/latex/graphics-cfg/graphics.cfg
File: graphics.cfg 2016/06/04 v1.11 sample graphics configuration
)
Package graphics Info: Driver file: pdftex.def on input line 99.
)
\Gin@req@height=\dimen114
\Gin@req@width=\dimen115
)
\AM@pagewidth=\dimen116
\AM@pageheight=\dimen117

(/usr/share/texlive/texmf-dist/tex/latex/pdfpages/pppdftex.def
File: pppdftex.def 2017/10/31 v0.5l Pdfpages driver for pdfTeX (AM)
)
\AM@pagebox=\box31
\AM@global@opts=\toks18
\AM@toc@title=\toks19
\c@AM@survey=\count85
\AM@templatesizebox=\box32
)
(/usr/share/texlive/texmf-dist/tex/latex/setspace/setspace.sty
Package: setspace 2011/12/19 v6.7a set line spacing
)
(/usr/share/texlive/texmf-dist/tex/latex/base/fleqn.clo
File: fleqn.clo 2016/12/29 v1.2a Standard LaTeX option (flush left equations)
\mathindent=\dimen118
Applying: [2015/01/01] Make \[ robust on input line 50.
LaTeX Info: Redefining \[ on input line 51.
Already applied: [0000/00/00] Make \[ robust on input line 62.
Applying: [2015/01/01] Make \] robust on input line 74.
LaTeX Info: Redefining \] on input line 75.
Already applied: [0000/00/00] Make \] robust on input line 83.
)
(/usr/share/texlive/texmf-dist/tex/latex/base/size12.clo
File: size12.clo 2014/09/29 v1.4h Standard LaTeX file (size option)
)
\c@part=\count86
\c@chapter=\count87
\c@section=\count88
\c@subsection=\count89
\c@subsubsection=\count90
\c@paragraph=\count91
\c@subparagraph=\count92
\aboveptchapterskip=\skip47
\belowptchapterskip=\skip48
\abovechapterskip=\skip49
\belowchapterskip=\skip50
\seclength=\skip51
\c@figure=\count93
\c@table=\count94
\c@inframe=\count95
\c@graph=\count96
\bibindent=\dimen119
)
(/usr/share/texlive/texmf-dist/tex/generic/babel/babel.sty
Package: babel 2018/02/14 3.18 The Babel package

(/usr/share/texlive/texmf-dist/tex/generic/babel/switch.def
File: switch.def 2018/02/14 3.18 Babel switching mechanism
)
(/usr/share/texlive/texmf-dist/tex/generic/babel-portuges/portuges.ldf
Language: portuges 2008/03/18 v1.2q Portuguese support from the babel system

(/usr/share/texlive/texmf-dist/tex/generic/babel/babel.def
File: babel.def 2018/02/14 3.18 Babel common definitions
\babel@savecnt=\count97
\U@D=\dimen120

(/usr/share/texlive/texmf-dist/tex/generic/babel/txtbabel.def)
\bbl@dirlevel=\count98
)
\l@brazil = a dialect from \language\l@portuges 
Package babel Info: Making " an active character on input line 145.
))
(/usr/share/texlive/texmf-dist/tex/latex/base/inputenc.sty
Package: inputenc 2015/03/17 v1.2c Input encoding file
\inpenc@prehook=\toks20
\inpenc@posthook=\toks21

(/usr/share/texlive/texmf-dist/tex/latex/base/utf8.def
File: utf8.def 2017/01/28 v1.1t UTF-8 support for inputenc
Now handling font encoding OML ...
... no UTF-8 mapping file for font encoding OML
Now handling font encoding T1 ...
... processing UTF-8 mapping file for font encoding T1

(/usr/share/texlive/texmf-dist/tex/latex/base/t1enc.dfu
File: t1enc.dfu 2017/01/28 v1.1t UTF-8 support for inputenc
   defining Unicode char U+00A0 (decimal 160)
   defining Unicode char U+00A1 (decimal 161)
   defining Unicode char U+00A3 (decimal 163)
   defining Unicode char U+00AB (decimal 171)
   defining Unicode char U+00AD (decimal 173)
   defining Unicode char U+00BB (decimal 187)
   defining Unicode char U+00BF (decimal 191)
   defining Unicode char U+00C0 (decimal 192)
   defining Unicode char U+00C1 (decimal 193)
   defining Unicode char U+00C2 (decimal 194)
   defining Unicode char U+00C3 (decimal 195)
   defining Unicode char U+00C4 (decimal 196)
   defining Unicode char U+00C5 (decimal 197)
   defining Unicode char U+00C6 (decimal 198)
   defining Unicode char U+00C7 (decimal 199)
   defining Unicode char U+00C8 (decimal 200)
   defining Unicode char U+00C9 (decimal 201)
   defining Unicode char U+00CA (decimal 202)
   defining Unicode char U+00CB (decimal 203)
   defining Unicode char U+00CC (decimal 204)
   defining Unicode char U+00CD (decimal 205)
   defining Unicode char U+00CE (decimal 206)
   defining Unicode char U+00CF (decimal 207)
   defining Unicode char U+00D0 (decimal 208)
   defining Unicode char U+00D1 (decimal 209)
   defining Unicode char U+00D2 (decimal 210)
   defining Unicode char U+00D3 (decimal 211)
   defining Unicode char U+00D4 (decimal 212)
   defining Unicode char U+00D5 (decimal 213)
   defining Unicode char U+00D6 (decimal 214)
   defining Unicode char U+00D8 (decimal 216)
   defining Unicode char U+00D9 (decimal 217)
   defining Unicode char U+00DA (decimal 218)
   defining Unicode char U+00DB (decimal 219)
   defining Unicode char U+00DC (decimal 220)
   defining Unicode char U+00DD (decimal 221)
   defining Unicode char U+00DE (decimal 222)
   defining Unicode char U+00DF (decimal 223)
   defining Unicode char U+00E0 (decimal 224)
   defining Unicode char U+00E1 (decimal 225)
   defining Unicode char U+00E2 (decimal 226)
   defining Unicode char U+00E3 (decimal 227)
   defining Unicode char U+00E4 (decimal 228)
   defining Unicode char U+00E5 (decimal 229)
   defining Unicode char U+00E6 (decimal 230)
   defining Unicode char U+00E7 (decimal 231)
   defining Unicode char U+00E8 (decimal 232)
   defining Unicode char U+00E9 (decimal 233)
   defining Unicode char U+00EA (decimal 234)
   defining Unicode char U+00EB (decimal 235)
   defining Unicode char U+00EC (decimal 236)
   defining Unicode char U+00ED (decimal 237)
   defining Unicode char U+00EE (decimal 238)
   defining Unicode char U+00EF (decimal 239)
   defining Unicode char U+00F0 (decimal 240)
   defining Unicode char U+00F1 (decimal 241)
   defining Unicode char U+00F2 (decimal 242)
   defining Unicode char U+00F3 (decimal 243)
   defining Unicode char U+00F4 (decimal 244)
   defining Unicode char U+00F5 (decimal 245)
   defining Unicode char U+00F6 (decimal 246)
   defining Unicode char U+00F8 (decimal 248)
   defining Unicode char U+00F9 (decimal 249)
   defining Unicode char U+00FA (decimal 250)
   defining Unicode char U+00FB (decimal 251)
   defining Unicode char U+00FC (decimal 252)
   defining Unicode char U+00FD (decimal 253)
   defining Unicode char U+00FE (decimal 254)
   defining Unicode char U+00FF (decimal 255)
   defining Unicode char U+0100 (decimal 256)
   defining Unicode char U+0101 (decimal 257)
   defining Unicode char U+0102 (decimal 258)
   defining Unicode char U+0103 (decimal 259)
   defining Unicode char U+0104 (decimal 260)
   defining Unicode char U+0105 (decimal 261)
   defining Unicode char U+0106 (decimal 262)
   defining Unicode char U+0107 (decimal 263)
   defining Unicode char U+0108 (decimal 264)
   defining Unicode char U+0109 (decimal 265)
   defining Unicode char U+010A (decimal 266)
   defining Unicode char U+010B (decimal 267)
   defining Unicode char U+010C (decimal 268)
   defining Unicode char U+010D (decimal 269)
   defining Unicode char U+010E (decimal 270)
   defining Unicode char U+010F (decimal 271)
   defining Unicode char U+0110 (decimal 272)
   defining Unicode char U+0111 (decimal 273)
   defining Unicode char U+0112 (decimal 274)
   defining Unicode char U+0113 (decimal 275)
   defining Unicode char U+0114 (decimal 276)
   defining Unicode char U+0115 (decimal 277)
   defining Unicode char U+0116 (decimal 278)
   defining Unicode char U+0117 (decimal 279)
   defining Unicode char U+0118 (decimal 280)
   defining Unicode char U+0119 (decimal 281)
   defining Unicode char U+011A (decimal 282)
   defining Unicode char U+011B (decimal 283)
   defining Unicode char U+011C (decimal 284)
   defining Unicode char U+011D (decimal 285)
   defining Unicode char U+011E (decimal 286)
   defining Unicode char U+011F (decimal 287)
   defining Unicode char U+0120 (decimal 288)
   defining Unicode char U+0121 (decimal 289)
   defining Unicode char U+0122 (decimal 290)
   defining Unicode char U+0123 (decimal 291)
   defining Unicode char U+0124 (decimal 292)
   defining Unicode char U+0125 (decimal 293)
   defining Unicode char U+0128 (decimal 296)
   defining Unicode char U+0129 (decimal 297)
   defining Unicode char U+012A (decimal 298)
   defining Unicode char U+012B (decimal 299)
   defining Unicode char U+012C (decimal 300)
   defining Unicode char U+012D (decimal 301)
   defining Unicode char U+012E (decimal 302)
   defining Unicode char U+012F (decimal 303)
   defining Unicode char U+0130 (decimal 304)
   defining Unicode char U+0131 (decimal 305)
   defining Unicode char U+0132 (decimal 306)
   defining Unicode char U+0133 (decimal 307)
   defining Unicode char U+0134 (decimal 308)
   defining Unicode char U+0135 (decimal 309)
   defining Unicode char U+0136 (decimal 310)
   defining Unicode char U+0137 (decimal 311)
   defining Unicode char U+0139 (decimal 313)
   defining Unicode char U+013A (decimal 314)
   defining Unicode char U+013B (decimal 315)
   defining Unicode char U+013C (decimal 316)
   defining Unicode char U+013D (decimal 317)
   defining Unicode char U+013E (decimal 318)
   defining Unicode char U+0141 (decimal 321)
   defining Unicode char U+0142 (decimal 322)
   defining Unicode char U+0143 (decimal 323)
   defining Unicode char U+0144 (decimal 324)
   defining Unicode char U+0145 (decimal 325)
   defining Unicode char U+0146 (decimal 326)
   defining Unicode char U+0147 (decimal 327)
   defining Unicode char U+0148 (decimal 328)
   defining Unicode char U+014A (decimal 330)
   defining Unicode char U+014B (decimal 331)
   defining Unicode char U+014C (decimal 332)
   defining Unicode char U+014D (decimal 333)
   defining Unicode char U+014E (decimal 334)
   defining Unicode char U+014F (decimal 335)
   defining Unicode char U+0150 (decimal 336)
   defining Unicode char U+0151 (decimal 337)
   defining Unicode char U+0152 (decimal 338)
   defining Unicode char U+0153 (decimal 339)
   defining Unicode char U+0154 (decimal 340)
   defining Unicode char U+0155 (decimal 341)
   defining Unicode char U+0156 (decimal 342)
   defining Unicode char U+0157 (decimal 343)
   defining Unicode char U+0158 (decimal 344)
   defining Unicode char U+0159 (decimal 345)
   defining Unicode char U+015A (decimal 346)
   defining Unicode char U+015B (decimal 347)
   defining Unicode char U+015C (decimal 348)
   defining Unicode char U+015D (decimal 349)
   defining Unicode char U+015E (decimal 350)
   defining Unicode char U+015F (decimal 351)
   defining Unicode char U+0160 (decimal 352)
   defining Unicode char U+0161 (decimal 353)
   defining Unicode char U+0162 (decimal 354)
   defining Unicode char U+0163 (decimal 355)
   defining Unicode char U+0164 (decimal 356)
   defining Unicode char U+0165 (decimal 357)
   defining Unicode char U+0168 (decimal 360)
   defining Unicode char U+0169 (decimal 361)
   defining Unicode char U+016A (decimal 362)
   defining Unicode char U+016B (decimal 363)
   defining Unicode char U+016C (decimal 364)
   defining Unicode char U+016D (decimal 365)
   defining Unicode char U+016E (decimal 366)
   defining Unicode char U+016F (decimal 367)
   defining Unicode char U+0170 (decimal 368)
   defining Unicode char U+0171 (decimal 369)
   defining Unicode char U+0172 (decimal 370)
   defining Unicode char U+0173 (decimal 371)
   defining Unicode char U+0174 (decimal 372)
   defining Unicode char U+0175 (decimal 373)
   defining Unicode char U+0176 (decimal 374)
   defining Unicode char U+0177 (decimal 375)
   defining Unicode char U+0178 (decimal 376)
   defining Unicode char U+0179 (decimal 377)
   defining Unicode char U+017A (decimal 378)
   defining Unicode char U+017B (decimal 379)
   defining Unicode char U+017C (decimal 380)
   defining Unicode char U+017D (decimal 381)
   defining Unicode char U+017E (decimal 382)
   defining Unicode char U+01CD (decimal 461)
   defining Unicode char U+01CE (decimal 462)
   defining Unicode char U+01CF (decimal 463)
   defining Unicode char U+01D0 (decimal 464)
   defining Unicode char U+01D1 (decimal 465)
   defining Unicode char U+01D2 (decimal 466)
   defining Unicode char U+01D3 (decimal 467)
   defining Unicode char U+01D4 (decimal 468)
   defining Unicode char U+01E2 (decimal 482)
   defining Unicode char U+01E3 (decimal 483)
   defining Unicode char U+01E6 (decimal 486)
   defining Unicode char U+01E7 (decimal 487)
   defining Unicode char U+01E8 (decimal 488)
   defining Unicode char U+01E9 (decimal 489)
   defining Unicode char U+01EA (decimal 490)
   defining Unicode char U+01EB (decimal 491)
   defining Unicode char U+01F0 (decimal 496)
   defining Unicode char U+01F4 (decimal 500)
   defining Unicode char U+01F5 (decimal 501)
   defining Unicode char U+0218 (decimal 536)
   defining Unicode char U+0219 (decimal 537)
   defining Unicode char U+021A (decimal 538)
   defining Unicode char U+021B (decimal 539)
   defining Unicode char U+0232 (decimal 562)
   defining Unicode char U+0233 (decimal 563)
   defining Unicode char U+1E02 (decimal 7682)
   defining Unicode char U+1E03 (decimal 7683)
   defining Unicode char U+200C (decimal 8204)
   defining Unicode char U+2010 (decimal 8208)
   defining Unicode char U+2011 (decimal 8209)
   defining Unicode char U+2012 (decimal 8210)
   defining Unicode char U+2013 (decimal 8211)
   defining Unicode char U+2014 (decimal 8212)
   defining Unicode char U+2015 (decimal 8213)
   defining Unicode char U+2018 (decimal 8216)
   defining Unicode char U+2019 (decimal 8217)
   defining Unicode char U+201A (decimal 8218)
   defining Unicode char U+201C (decimal 8220)
   defining Unicode char U+201D (decimal 8221)
   defining Unicode char U+201E (decimal 8222)
   defining Unicode char U+2030 (decimal 8240)
   defining Unicode char U+2031 (decimal 8241)
   defining Unicode char U+2039 (decimal 8249)
   defining Unicode char U+203A (decimal 8250)
   defining Unicode char U+2423 (decimal 9251)
   defining Unicode char U+1E20 (decimal 7712)
   defining Unicode char U+1E21 (decimal 7713)
)
Now handling font encoding OT1 ...
... processing UTF-8 mapping file for font encoding OT1

(/usr/share/texlive/texmf-dist/tex/latex/base/ot1enc.dfu
File: ot1enc.dfu 2017/01/28 v1.1t UTF-8 support for inputenc
   defining Unicode char U+00A0 (decimal 160)
   defining Unicode char U+00A1 (decimal 161)
   defining Unicode char U+00A3 (decimal 163)
   defining Unicode char U+00AD (decimal 173)
   defining Unicode char U+00B8 (decimal 184)
   defining Unicode char U+00BF (decimal 191)
   defining Unicode char U+00C5 (decimal 197)
   defining Unicode char U+00C6 (decimal 198)
   defining Unicode char U+00D8 (decimal 216)
   defining Unicode char U+00DF (decimal 223)
   defining Unicode char U+00E6 (decimal 230)
   defining Unicode char U+00EC (decimal 236)
   defining Unicode char U+00ED (decimal 237)
   defining Unicode char U+00EE (decimal 238)
   defining Unicode char U+00EF (decimal 239)
   defining Unicode char U+00F8 (decimal 248)
   defining Unicode char U+0131 (decimal 305)
   defining Unicode char U+0141 (decimal 321)
   defining Unicode char U+0142 (decimal 322)
   defining Unicode char U+0152 (decimal 338)
   defining Unicode char U+0153 (decimal 339)
   defining Unicode char U+0174 (decimal 372)
   defining Unicode char U+0175 (decimal 373)
   defining Unicode char U+0176 (decimal 374)
   defining Unicode char U+0177 (decimal 375)
   defining Unicode char U+0218 (decimal 536)
   defining Unicode char U+0219 (decimal 537)
   defining Unicode char U+021A (decimal 538)
   defining Unicode char U+021B (decimal 539)
   defining Unicode char U+2013 (decimal 8211)
   defining Unicode char U+2014 (decimal 8212)
   defining Unicode char U+2018 (decimal 8216)
   defining Unicode char U+2019 (decimal 8217)
   defining Unicode char U+201C (decimal 8220)
   defining Unicode char U+201D (decimal 8221)
)
Now handling font encoding OMS ...
... processing UTF-8 mapping file for font encoding OMS

(/usr/share/texlive/texmf-dist/tex/latex/base/omsenc.dfu
File: omsenc.dfu 2017/01/28 v1.1t UTF-8 support for inputenc
   defining Unicode char U+00A7 (decimal 167)
   defining Unicode char U+00B6 (decimal 182)
   defining Unicode char U+00B7 (decimal 183)
   defining Unicode char U+2020 (decimal 8224)
   defining Unicode char U+2021 (decimal 8225)
   defining Unicode char U+2022 (decimal 8226)
)
Now handling font encoding OMX ...
... no UTF-8 mapping file for font encoding OMX
Now handling font encoding U ...
... no UTF-8 mapping file for font encoding U
   defining Unicode char U+00A9 (decimal 169)
   defining Unicode char U+00AA (decimal 170)
   defining Unicode char U+00AE (decimal 174)
   defining Unicode char U+00BA (decimal 186)
   defining Unicode char U+02C6 (decimal 710)
   defining Unicode char U+02DC (decimal 732)
   defining Unicode char U+200C (decimal 8204)
   defining Unicode char U+2026 (decimal 8230)
   defining Unicode char U+2122 (decimal 8482)
   defining Unicode char U+2423 (decimal 9251)
))
(/usr/share/texlive/texmf-dist/tex/latex/base/makeidx.sty
Package: makeidx 2014/09/29 v1.0m Standard LaTeX package
)
(/usr/share/texlive/texmf-dist/tex/latex/hyperref/hyperref.sty
Package: hyperref 2018/02/06 v6.86b Hypertext links for LaTeX

(/usr/share/texlive/texmf-dist/tex/generic/oberdiek/hobsub-hyperref.sty
Package: hobsub-hyperref 2016/05/16 v1.14 Bundle oberdiek, subset hyperref (HO)


(/usr/share/texlive/texmf-dist/tex/generic/oberdiek/hobsub-generic.sty
Package: hobsub-generic 2016/05/16 v1.14 Bundle oberdiek, subset generic (HO)
Package: hobsub 2016/05/16 v1.14 Construct package bundles (HO)
Package hobsub Info: Skipping package `infwarerr' (already loaded).
Package hobsub Info: Skipping package `ltxcmds' (already loaded).
Package: ifluatex 2016/05/16 v1.4 Provides the ifluatex switch (HO)
Package ifluatex Info: LuaTeX not detected.
Package: ifvtex 2016/05/16 v1.6 Detect VTeX and its facilities (HO)
Package ifvtex Info: VTeX not detected.
Package: intcalc 2016/05/16 v1.2 Expandable calculations with integers (HO)
Package hobsub Info: Skipping package `ifpdf' (already loaded).
Package: etexcmds 2016/05/16 v1.6 Avoid name clashes with e-TeX commands (HO)
Package etexcmds Info: Could not find \expanded.
(etexcmds)             That can mean that you are not using pdfTeX 1.50 or
(etexcmds)             that some package has redefined \expanded.
(etexcmds)             In the latter case, load this package earlier.
Package: kvsetkeys 2016/05/16 v1.17 Key value parser (HO)
Package: kvdefinekeys 2016/05/16 v1.4 Define keys (HO)
Package: pdftexcmds 2018/01/21 v0.26 Utility functions of pdfTeX for LuaTeX (HO
)
Package pdftexcmds Info: LuaTeX not detected.
Package pdftexcmds Info: \pdf@primitive is available.
Package pdftexcmds Info: \pdf@ifprimitive is available.
Package pdftexcmds Info: \pdfdraftmode found.
Package: pdfescape 2016/05/16 v1.14 Implements pdfTeX's escape features (HO)
Package: bigintcalc 2016/05/16 v1.4 Expandable calculations on big integers (HO
)
Package: bitset 2016/05/16 v1.2 Handle bit-vector datatype (HO)
Package: uniquecounter 2016/05/16 v1.3 Provide unlimited unique counter (HO)
)
Package hobsub Info: Skipping package `hobsub' (already loaded).
Package: letltxmacro 2016/05/16 v1.5 Let assignment for LaTeX macros (HO)
Package: hopatch 2016/05/16 v1.3 Wrapper for package hooks (HO)
Package: xcolor-patch 2016/05/16 xcolor patch
Package: atveryend 2016/05/16 v1.9 Hooks at the very end of document (HO)
Package atveryend Info: \enddocument detected (standard20110627).
Package hobsub Info: Skipping package `atbegshi' (already loaded).
Package: refcount 2016/05/16 v3.5 Data extraction from label references (HO)
Package: hycolor 2016/05/16 v1.8 Color options for hyperref/bookmark (HO)
)
(/usr/share/texlive/texmf-dist/tex/generic/ifxetex/ifxetex.sty
Package: ifxetex 2010/09/12 v0.6 Provides ifxetex conditional
)
(/usr/share/texlive/texmf-dist/tex/latex/oberdiek/auxhook.sty
Package: auxhook 2016/05/16 v1.4 Hooks for auxiliary files (HO)
)
(/usr/share/texlive/texmf-dist/tex/latex/oberdiek/kvoptions.sty
Package: kvoptions 2016/05/16 v3.12 Key value format for package options (HO)
)
\@linkdim=\dimen121
\Hy@linkcounter=\count99
\Hy@pagecounter=\count100

(/usr/share/texlive/texmf-dist/tex/latex/hyperref/pd1enc.def
File: pd1enc.def 2018/02/06 v6.86b Hyperref: PDFDocEncoding definition (HO)
Now handling font encoding PD1 ...
... no UTF-8 mapping file for font encoding PD1
)
\Hy@SavedSpaceFactor=\count101

(/usr/share/texlive/texmf-dist/tex/latex/latexconfig/hyperref.cfg
File: hyperref.cfg 2002/06/06 v1.2 hyperref configuration of TeXLive
)
Package hyperref Info: Option `final' set `true' on input line 4383.
Package hyperref Info: Hyper figures OFF on input line 4509.
Package hyperref Info: Link nesting OFF on input line 4514.
Package hyperref Info: Hyper index ON on input line 4517.
Package hyperref Info: Plain pages OFF on input line 4524.
Package hyperref Info: Backreferencing OFF on input line 4529.
Package hyperref Info: Implicit mode ON; LaTeX internals redefined.
Package hyperref Info: Bookmarks ON on input line 4762.
\c@Hy@tempcnt=\count102

(/usr/share/texlive/texmf-dist/tex/latex/url/url.sty
\Urlmuskip=\muskip10
Package: url 2013/09/16  ver 3.4  Verb mode for urls, etc.
)
LaTeX Info: Redefining \url on input line 5115.
\XeTeXLinkMargin=\dimen122
\Fld@menulength=\count103
\Field@Width=\dimen123
\Fld@charsize=\dimen124
Package hyperref Info: Hyper figures OFF on input line 6369.
Package hyperref Info: Link nesting OFF on input line 6374.
Package hyperref Info: Hyper index ON on input line 6377.
Package hyperref Info: backreferencing OFF on input line 6384.
Package hyperref Info: Link coloring OFF on input line 6389.
Package hyperref Info: Link coloring with OCG OFF on input line 6394.
Package hyperref Info: PDF/A mode OFF on input line 6399.
LaTeX Info: Redefining \ref on input line 6439.
LaTeX Info: Redefining \pageref on input line 6443.
\Hy@abspage=\count104
\c@Item=\count105
\c@Hfootnote=\count106
)
Package hyperref Info: Driver (autodetected): hpdftex.

(/usr/share/texlive/texmf-dist/tex/latex/hyperref/hpdftex.def
File: hpdftex.def 2018/02/06 v6.86b Hyperref driver for pdfTeX
\Fld@listcount=\count107
\c@bookmark@seq@number=\count108

(/usr/share/texlive/texmf-dist/tex/latex/oberdiek/rerunfilecheck.sty
Package: rerunfilecheck 2016/05/16 v1.8 Rerun checks for auxiliary files (HO)
Package uniquecounter Info: New unique counter `rerunfilecheck' on input line 2
82.
)
\Hy@SectionHShift=\skip52
)
(/usr/share/texlive/texmf-dist/tex/latex/tools/indentfirst.sty
Package: indentfirst 1995/11/23 v1.03 Indent first paragraph (DPC)
)
(/usr/share/texlive/texmf-dist/tex/latex/subfig/subfig.sty
Package: subfig 2005/06/28 ver: 1.3 subfig package
\c@KVtest=\count109
\sf@farskip=\skip53
\sf@captopadj=\dimen125
\sf@capskip=\skip54
\sf@nearskip=\skip55
\c@subfigure=\count110
\c@subfigure@save=\count111
\c@lofdepth=\count112
\c@subtable=\count113
\c@subtable@save=\count114
\c@lotdepth=\count115
\sf@top=\skip56
\sf@bottom=\skip57
)
(/usr/share/texlive/texmf-dist/tex/latex/multirow/multirow.sty
Package: multirow 2016/11/25 v2.2 Span multiple rows of a table
\multirow@colwidth=\skip58
\multirow@cntb=\count116
\multirow@dima=\skip59
\bigstrutjot=\dimen126
)
(/usr/share/texlive/texmf-dist/tex/latex/amsmath/amsmath.sty
Package: amsmath 2017/09/02 v2.17a AMS math features
\@mathmargin=\skip60

For additional information on amsmath, use the `?' option.
(/usr/share/texlive/texmf-dist/tex/latex/amsmath/amstext.sty
Package: amstext 2000/06/29 v2.01 AMS text

(/usr/share/texlive/texmf-dist/tex/latex/amsmath/amsgen.sty
File: amsgen.sty 1999/11/30 v2.0 generic functions
\@emptytoks=\toks22
\ex@=\dimen127
))
(/usr/share/texlive/texmf-dist/tex/latex/amsmath/amsbsy.sty
Package: amsbsy 1999/11/29 v1.2d Bold Symbols
\pmbraise@=\dimen128
)
(/usr/share/texlive/texmf-dist/tex/latex/amsmath/amsopn.sty
Package: amsopn 2016/03/08 v2.02 operator names
)
\inf@bad=\count117
LaTeX Info: Redefining \frac on input line 213.
\uproot@=\count118
\leftroot@=\count119
LaTeX Info: Redefining \overline on input line 375.
\classnum@=\count120
\DOTSCASE@=\count121
LaTeX Info: Redefining \ldots on input line 472.
LaTeX Info: Redefining \dots on input line 475.
LaTeX Info: Redefining \cdots on input line 596.
\Mathstrutbox@=\box33
\strutbox@=\box34
\big@size=\dimen129
LaTeX Font Info:    Redeclaring font encoding OML on input line 712.
LaTeX Font Info:    Redeclaring font encoding OMS on input line 713.
\macc@depth=\count122
\c@MaxMatrixCols=\count123
\dotsspace@=\muskip11
\c@parentequation=\count124
\dspbrk@lvl=\count125
\tag@help=\toks23
\row@=\count126
\column@=\count127
\maxfields@=\count128
\andhelp@=\toks24
\eqnshift@=\dimen130
\alignsep@=\dimen131
\tagshift@=\dimen132
\tagwidth@=\dimen133
\totwidth@=\dimen134
\lineht@=\dimen135
\@envbody=\toks25
\multlinegap=\skip61
\multlinetaggap=\skip62
\mathdisplay@stack=\toks26
LaTeX Info: Redefining \[ on input line 2817.
LaTeX Info: Redefining \] on input line 2818.
)
(/usr/share/texlive/texmf-dist/tex/latex/amsfonts/amssymb.sty
Package: amssymb 2013/01/14 v3.01 AMS font symbols

(/usr/share/texlive/texmf-dist/tex/latex/amsfonts/amsfonts.sty
Package: amsfonts 2013/01/14 v3.01 Basic AMSFonts support
\symAMSa=\mathgroup4
\symAMSb=\mathgroup5
LaTeX Font Info:    Overwriting math alphabet `\mathfrak' in version `bold'
(Font)                  U/euf/m/n --> U/euf/b/n on input line 106.
))
(/usr/share/texlive/texmf-dist/tex/latex/abntex2/abntex2cite.sty
Package: abntex2cite 2016/02/26 v-1.9.6 abnTeX2

(/usr/share/texlive/texmf-dist/tex/latex/abntex2/abntex2abrev.sty)
\minimumbiblabelwidth=\skip63
\ABCIauxlen=\skip64
\c@ABCIaux=\count129
\c@ABCImax=\count130

(/usr/share/texlive/texmf-dist/tex/latex/relsize/relsize.sty
Package: relsize 2013/03/29 ver 4.1
)
\biblabelsep=\skip65
LaTeX Info: Redefining \newblock on input line 591.
LaTeX Info: Redefining \cite on input line 618.
\ABCItoken=\toks27
)
(./repUERJformat.sty
Package: repUERJformat 2016/08/08 v9.0 repUERJformat.sty

(/usr/share/texlive/texmf-dist/tex/latex/enumitem/enumitem.sty
Package: enumitem 2011/09/28 v3.5.2 Customized lists
\labelindent=\skip66
\enit@outerparindent=\dimen136
\enit@toks=\toks28
\enit@inbox=\box35
\enitdp@description=\count131
)
(/usr/share/texlive/texmf-dist/tex/latex/psnfss/pifont.sty
Package: pifont 2005/04/12 PSNFSS-v9.2a Pi font support (SPQR) 
LaTeX Font Info:    Try loading font information for U+pzd on input line 63.

(/usr/share/texlive/texmf-dist/tex/latex/psnfss/upzd.fd
File: upzd.fd 2001/06/04 font definitions for U/pzd.
)
LaTeX Font Info:    Try loading font information for U+psy on input line 64.

(/usr/share/texlive/texmf-dist/tex/latex/psnfss/upsy.fd
File: upsy.fd 2001/06/04 font definitions for U/psy.
))
(/usr/share/texlive/texmf-dist/tex/latex/lastpage/lastpage.sty
Package: lastpage 2015/03/29 v1.2m Refers to last page's name (HMM; JPG)
)
(/usr/share/texlive/texmf-dist/tex/latex/geometry/geometry.sty
Package: geometry 2010/09/12 v5.6 Page Geometry
\Gm@cnth=\count132
\Gm@cntv=\count133
\c@Gm@tempcnt=\count134
\Gm@bindingoffset=\dimen137
\Gm@wd@mp=\dimen138
\Gm@odd@mp=\dimen139
\Gm@even@mp=\dimen140
\Gm@layoutwidth=\dimen141
\Gm@layoutheight=\dimen142
\Gm@layouthoffset=\dimen143
\Gm@layoutvoffset=\dimen144
\Gm@dimlist=\toks29
)
(/usr/share/texmf/tex/latex/lm/lmodern.sty
Package: lmodern 2009/10/30 v1.6 Latin Modern Fonts
LaTeX Font Info:    Overwriting symbol font `operators' in version `normal'
(Font)                  OT1/cmr/m/n --> OT1/lmr/m/n on input line 22.
LaTeX Font Info:    Overwriting symbol font `letters' in version `normal'
(Font)                  OML/cmm/m/it --> OML/lmm/m/it on input line 23.
LaTeX Font Info:    Overwriting symbol font `symbols' in version `normal'
(Font)                  OMS/cmsy/m/n --> OMS/lmsy/m/n on input line 24.
LaTeX Font Info:    Overwriting symbol font `largesymbols' in version `normal'
(Font)                  OMX/cmex/m/n --> OMX/lmex/m/n on input line 25.
LaTeX Font Info:    Overwriting symbol font `operators' in version `bold'
(Font)                  OT1/cmr/bx/n --> OT1/lmr/bx/n on input line 26.
LaTeX Font Info:    Overwriting symbol font `letters' in version `bold'
(Font)                  OML/cmm/b/it --> OML/lmm/b/it on input line 27.
LaTeX Font Info:    Overwriting symbol font `symbols' in version `bold'
(Font)                  OMS/cmsy/b/n --> OMS/lmsy/b/n on input line 28.
LaTeX Font Info:    Overwriting symbol font `largesymbols' in version `bold'
(Font)                  OMX/cmex/m/n --> OMX/lmex/m/n on input line 29.
LaTeX Font Info:    Overwriting math alphabet `\mathbf' in version `normal'
(Font)                  OT1/cmr/bx/n --> OT1/lmr/bx/n on input line 31.
LaTeX Font Info:    Overwriting math alphabet `\mathsf' in version `normal'
(Font)                  OT1/cmss/m/n --> OT1/lmss/m/n on input line 32.
LaTeX Font Info:    Overwriting math alphabet `\mathit' in version `normal'
(Font)                  OT1/cmr/m/it --> OT1/lmr/m/it on input line 33.
LaTeX Font Info:    Overwriting math alphabet `\mathtt' in version `normal'
(Font)                  OT1/cmtt/m/n --> OT1/lmtt/m/n on input line 34.
LaTeX Font Info:    Overwriting math alphabet `\mathbf' in version `bold'
(Font)                  OT1/cmr/bx/n --> OT1/lmr/bx/n on input line 35.
LaTeX Font Info:    Overwriting math alphabet `\mathsf' in version `bold'
(Font)                  OT1/cmss/bx/n --> OT1/lmss/bx/n on input line 36.
LaTeX Font Info:    Overwriting math alphabet `\mathit' in version `bold'
(Font)                  OT1/cmr/bx/it --> OT1/lmr/bx/it on input line 37.
LaTeX Font Info:    Overwriting math alphabet `\mathtt' in version `bold'
(Font)                  OT1/cmtt/m/n --> OT1/lmtt/m/n on input line 38.
)
(/usr/share/texlive/texmf-dist/tex/latex/base/fontenc.sty
Package: fontenc 2017/04/05 v2.0i Standard LaTeX package

(/usr/share/texlive/texmf-dist/tex/latex/base/t1enc.def
File: t1enc.def 2017/04/05 v2.0i Standard LaTeX file
LaTeX Font Info:    Redeclaring font encoding T1 on input line 48.
))
\hanglength=\skip67
\UERJsignwidth=\skip68
\UERJsignthickness=\skip69
\UERJsignskip=\skip70
\img=\skip71
\abrevlabel=\skip72
\simblabel=\skip73
\glosslabel=\skip74
\enitdp@itemizacao=\count135
\c@alineai=\count136
\c@alineaii=\count137
\enitdp@alinea=\count138
\enitdp@exemplo=\count139
\enitdp@lsetap=\count140
\enitdp@lseta=\count141
\enitdp@lquadp=\count142
\enitdp@lquad=\count143
\enitdp@lcircp=\count144
\enitdp@lcirc=\count145
\enitdp@ltravep=\count146
\enitdp@ltrave=\count147
\c@lalfapi=\count148
\enitdp@lalfap=\count149
\c@lalfai=\count150
\enitdp@lalfa=\count151
)
(./repUERJpseudocode.sty
Package: repUERJpseudocode 2015/12/04 v4 repUERJpseudocode.sty

(/usr/share/texlive/texmf-dist/tex/latex/etoolbox/etoolbox.sty
Package: etoolbox 2018/02/11 v2.5e e-TeX tools for LaTeX (JAW)
\etb@tempcnta=\count152
)
\tab=\skip75
\c@contaux=\count153
\c@contlin=\count154
\c@conttab=\count155
\c@contitab=\count156
\c@algorithm=\count157
\myskip=\skip76
\ltab=\skip77
)
(/usr/share/texlive/texmf-dist/tex/latex/listings/listings.sty
\lst@mode=\count158
\lst@gtempboxa=\box36
\lst@token=\toks30
\lst@length=\count159
\lst@currlwidth=\dimen145
\lst@column=\count160
\lst@pos=\count161
\lst@lostspace=\dimen146
\lst@width=\dimen147
\lst@newlines=\count162
\lst@lineno=\count163
\lst@maxwidth=\dimen148

(/usr/share/texlive/texmf-dist/tex/latex/listings/lstmisc.sty
File: lstmisc.sty 2015/06/04 1.6 (Carsten Heinz)
\c@lstnumber=\count164
\lst@skipnumbers=\count165
\lst@framebox=\box37
)
(/usr/share/texlive/texmf-dist/tex/latex/listings/listings.cfg
File: listings.cfg 2015/06/04 1.6 listings configuration
))
Package: listings 2015/06/04 1.6 (Carsten Heinz)

(/usr/share/texlive/texmf-dist/tex/latex/listings/lstlang1.sty
File: lstlang1.sty 2015/06/04 1.6 listings language file
)
(/usr/share/texlive/texmf-dist/tex/latex/listings/lstmisc.sty
File: lstmisc.sty 2015/06/04 1.6 (Carsten Heinz)
)
(/usr/share/texlive/texmf-dist/tex/latex/morefloats/morefloats.sty
Package: morefloats 2015/07/22 v1.0h Raise limit of unprocessed floats (HMM)
Package morefloats Info: Maximum number of possible floats asked for: 25
(morefloats)             (i.e. 7 more floats).
(morefloats)             LaTeX might run out of memory before this
(morefloats)             (in which case it will notify you).
)
(/usr/share/texlive/texmf-dist/tex/latex/tools/array.sty
Package: array 2016/10/06 v2.4d Tabular extension package (FMi)
\col@sep=\dimen149
\extrarowheight=\dimen150
\NC@list=\toks31
\extratabsurround=\skip78
\backup@length=\skip79
)
Package hyperref Info: Option `unicode' set `false' on input line 186.


Package hyperref Warning: Token not allowed in a PDF string (PDFDocEncoding):
(hyperref)                removing `\<def>-command' on input line 186.


Package hyperref Warning: Token not allowed in a PDF string (PDFDocEncoding):
(hyperref)                removing `\baselinestretch' on input line 186.


Package hyperref Warning: Token not allowed in a PDF string (PDFDocEncoding):
(hyperref)                removing `\<let>-command' on input line 186.


Package hyperref Warning: Token not allowed in a PDF string (PDFDocEncoding):
(hyperref)                removing `\@currsize' on input line 186.


Package hyperref Warning: Token not allowed in a PDF string (PDFDocEncoding):
(hyperref)                removing `\abovedisplayskip' on input line 186.


Package hyperref Warning: Token not allowed in a PDF string (PDFDocEncoding):
(hyperref)                removing `\p@' on input line 186.


Package hyperref Warning: Token not allowed in a PDF string (PDFDocEncoding):
(hyperref)                removing `\p@' on input line 186.


Package hyperref Warning: Token not allowed in a PDF string (PDFDocEncoding):
(hyperref)                removing `\p@' on input line 186.


Package hyperref Warning: Token not allowed in a PDF string (PDFDocEncoding):
(hyperref)                removing `\abovedisplayshortskip' on input line 186.


Package hyperref Warning: Token not allowed in a PDF string (PDFDocEncoding):
(hyperref)                removing `\z@' on input line 186.


Package hyperref Warning: Token not allowed in a PDF string (PDFDocEncoding):
(hyperref)                removing `\p@' on input line 186.


Package hyperref Warning: Token not allowed in a PDF string (PDFDocEncoding):
(hyperref)                removing `\belowdisplayshortskip' on input line 186.


Package hyperref Warning: Token not allowed in a PDF string (PDFDocEncoding):
(hyperref)                removing `\p@' on input line 186.


Package hyperref Warning: Token not allowed in a PDF string (PDFDocEncoding):
(hyperref)                removing `\p@' on input line 186.


Package hyperref Warning: Token not allowed in a PDF string (PDFDocEncoding):
(hyperref)                removing `\p@' on input line 186.


Package hyperref Warning: Token not allowed in a PDF string (PDFDocEncoding):
(hyperref)                removing `\belowdisplayskip' on input line 186.


Package hyperref Warning: Token not allowed in a PDF string (PDFDocEncoding):
(hyperref)                removing `\abovedisplayskip' on input line 186.


Package hyperref Warning: Token not allowed in a PDF string (PDFDocEncoding):
(hyperref)                removing `\<let>-command' on input line 186.


Package hyperref Warning: Token not allowed in a PDF string (PDFDocEncoding):
(hyperref)                removing `\@listi' on input line 186.


Package hyperref Warning: Token not allowed in a PDF string (PDFDocEncoding):
(hyperref)                removing `\leftmargin' on input line 186.


Package hyperref Warning: Token not allowed in a PDF string (PDFDocEncoding):
(hyperref)                removing `\leftmargini' on input line 186.


Package hyperref Warning: Token not allowed in a PDF string (PDFDocEncoding):
(hyperref)                removing `\parsep' on input line 186.


Package hyperref Warning: Token not allowed in a PDF string (PDFDocEncoding):
(hyperref)                removing `\p@' on input line 186.


Package hyperref Warning: Token not allowed in a PDF string (PDFDocEncoding):
(hyperref)                removing `\p@' on input line 186.


Package hyperref Warning: Token not allowed in a PDF string (PDFDocEncoding):
(hyperref)                removing `\p@' on input line 186.


Package hyperref Warning: Token not allowed in a PDF string (PDFDocEncoding):
(hyperref)                removing `\topsep' on input line 186.


Package hyperref Warning: Token not allowed in a PDF string (PDFDocEncoding):
(hyperref)                removing `\p@' on input line 186.


Package hyperref Warning: Token not allowed in a PDF string (PDFDocEncoding):
(hyperref)                removing `\p@' on input line 186.


Package hyperref Warning: Token not allowed in a PDF string (PDFDocEncoding):
(hyperref)                removing `\p@' on input line 186.


Package hyperref Warning: Token not allowed in a PDF string (PDFDocEncoding):
(hyperref)                removing `\itemsep' on input line 186.


Package hyperref Warning: Token not allowed in a PDF string (PDFDocEncoding):
(hyperref)                removing `\p@' on input line 186.


Package hyperref Warning: Token not allowed in a PDF string (PDFDocEncoding):
(hyperref)                removing `\p@' on input line 186.


Package hyperref Warning: Token not allowed in a PDF string (PDFDocEncoding):
(hyperref)                removing `\p@' on input line 186.

Package hyperref Info: Option `colorlinks' set `true' on input line 186.
\@indexfile=\write3
\openout3 = `Monografia_MDJVI_Dennis.idx'.

Writing index file Monografia_MDJVI_Dennis.idx
(./Monografia_MDJVI_Dennis.aux (./capAntigoProjeto.aux) (./capProfile.aux)
(./capFicha.aux))
\openout1 = `Monografia_MDJVI_Dennis.aux'.

LaTeX Font Info:    Checking defaults for OML/cmm/m/it on input line 199.
LaTeX Font Info:    ... okay on input line 199.
LaTeX Font Info:    Checking defaults for T1/cmr/m/n on input line 199.
LaTeX Font Info:    ... okay on input line 199.
LaTeX Font Info:    Checking defaults for OT1/cmr/m/n on input line 199.
LaTeX Font Info:    ... okay on input line 199.
LaTeX Font Info:    Checking defaults for OMS/cmsy/m/n on input line 199.
LaTeX Font Info:    ... okay on input line 199.
LaTeX Font Info:    Checking defaults for OMX/cmex/m/n on input line 199.
LaTeX Font Info:    ... okay on input line 199.
LaTeX Font Info:    Checking defaults for U/cmr/m/n on input line 199.
LaTeX Font Info:    ... okay on input line 199.
LaTeX Font Info:    Checking defaults for PD1/pdf/m/n on input line 199.
LaTeX Font Info:    ... okay on input line 199.
LaTeX Font Info:    Try loading font information for T1+lmr on input line 199.
 (/usr/share/texmf/tex/latex/lm/t1lmr.fd
File: t1lmr.fd 2009/10/30 v1.6 Font defs for Latin Modern
)
Package caption Info: Begin \AtBeginDocument code.
Package caption Info: subfig package v1.3 is loaded.
Package caption Info: hyperref package is loaded.
Package caption Info: listings package is loaded.
Package caption Info: End \AtBeginDocument code.

(/usr/share/texlive/texmf-dist/tex/context/base/mkii/supp-pdf.mkii
[Loading MPS to PDF converter (version 2006.09.02).]
\scratchcounter=\count166
\scratchdimen=\dimen151
\scratchbox=\box38
\nofMPsegments=\count167
\nofMParguments=\count168
\everyMPshowfont=\toks32
\MPscratchCnt=\count169
\MPscratchDim=\dimen152
\MPnumerator=\count170
\makeMPintoPDFobject=\count171
\everyMPtoPDFconversion=\toks33
) (/usr/share/texlive/texmf-dist/tex/latex/oberdiek/epstopdf-base.sty
Package: epstopdf-base 2016/05/15 v2.6 Base part for package epstopdf

(/usr/share/texlive/texmf-dist/tex/latex/oberdiek/grfext.sty
Package: grfext 2016/05/16 v1.2 Manage graphics extensions (HO)
)
Package epstopdf-base Info: Redefining graphics rule for `.eps' on input line 4
38.
Package grfext Info: Graphics extension search list:
(grfext)             [.pdf,.png,.jpg,.mps,.jpeg,.jbig2,.jb2,.PDF,.PNG,.JPG,.JPE
G,.JBIG2,.JB2,.eps]
(grfext)             \AppendGraphicsExtensions on input line 456.

(/usr/share/texlive/texmf-dist/tex/latex/latexconfig/epstopdf-sys.cfg
File: epstopdf-sys.cfg 2010/07/13 v1.3 Configuration of (r)epstopdf for TeX Liv
e
))
\AtBeginShipoutBox=\box39

(/usr/share/texlive/texmf-dist/tex/latex/oberdiek/pdflscape.sty
Package: pdflscape 2016/05/14 v0.11 Display of landscape pages in PDF (HO)

(/usr/share/texlive/texmf-dist/tex/latex/graphics/lscape.sty
Package: lscape 2000/10/22 v3.01 Landscape Pages (DPC)
)
Package pdflscape Info: Auto-detected driver: pdftex on input line 81.
)
Package hyperref Info: Link coloring ON on input line 199.

(/usr/share/texlive/texmf-dist/tex/latex/hyperref/nameref.sty
Package: nameref 2016/05/21 v2.44 Cross-referencing by name of section

(/usr/share/texlive/texmf-dist/tex/generic/oberdiek/gettitlestring.sty
Package: gettitlestring 2016/05/16 v1.5 Cleanup title references (HO)
)
\c@section@level=\count172
)
LaTeX Info: Redefining \ref on input line 199.
LaTeX Info: Redefining \pageref on input line 199.
LaTeX Info: Redefining \nameref on input line 199.

(./Monografia_MDJVI_Dennis.out) (./Monografia_MDJVI_Dennis.out)
\@outlinefile=\write4
\openout4 = `Monografia_MDJVI_Dennis.out'.

Package lastpage Info: Please have a look at the pageslts package at
(lastpage)             https://www.ctan.org/pkg/pageslts
(lastpage)             ! on input line 199.

*geometry* driver: auto-detecting
*geometry* detected driver: pdftex
*geometry* verbose mode - [ preamble ] result:
* driver: pdftex
* paper: a4paper
* layout: <same size as paper>
* layoutoffset:(h,v)=(0.0pt,0.0pt)
* modes: 
* h-part:(L,W,R)=(85.35826pt, 455.24411pt, 56.9055pt)
* v-part:(T,H,B)=(85.35826pt, 702.78308pt, 56.9055pt)
* \paperwidth=597.50787pt
* \paperheight=845.04684pt
* \textwidth=455.24411pt
* \textheight=702.78308pt
* \oddsidemargin=13.08827pt
* \evensidemargin=13.08827pt
* \topmargin=-23.91173pt
* \headheight=12.0pt
* \headsep=25.0pt
* \topskip=12.0pt
* \footskip=30.0pt
* \marginparwidth=35.0pt
* \marginparsep=10.0pt
* \columnsep=10.0pt
* \skip\footins=29.0pt
* \hoffset=0.0pt
* \voffset=0.0pt
* \mag=1000
* \@twocolumnfalse
* \@twosidefalse
* \@mparswitchfalse
* \@reversemarginfalse
* (1in=72.27pt=25.4mm, 1cm=28.453pt)

\c@lstlisting=\count173
<logo_uerj_cinza.png, id=40, 292.4526pt x 321.8424pt>
File: logo_uerj_cinza.png Graphic file (type png)
<use logo_uerj_cinza.png>
Package pdftex.def Info: logo_uerj_cinza.png  used on input line 212.
(pdftex.def)             Requested size: 62.59596pt x 68.88538pt.
LaTeX Font Info:    Try loading font information for OT1+lmr on input line 212.

(/usr/share/texmf/tex/latex/lm/ot1lmr.fd
File: ot1lmr.fd 2009/10/30 v1.6 Font defs for Latin Modern
)
LaTeX Font Info:    Try loading font information for OML+lmm on input line 212.


(/usr/share/texmf/tex/latex/lm/omllmm.fd
File: omllmm.fd 2009/10/30 v1.6 Font defs for Latin Modern
)
LaTeX Font Info:    Try loading font information for OMS+lmsy on input line 212
.

(/usr/share/texmf/tex/latex/lm/omslmsy.fd
File: omslmsy.fd 2009/10/30 v1.6 Font defs for Latin Modern
)
LaTeX Font Info:    Try loading font information for OMX+lmex on input line 212
.

(/usr/share/texmf/tex/latex/lm/omxlmex.fd
File: omxlmex.fd 2009/10/30 v1.6 Font defs for Latin Modern
)
LaTeX Font Info:    External font `lmex10' loaded for size
(Font)              <14.4> on input line 212.
LaTeX Font Info:    External font `lmex10' loaded for size
(Font)              <10> on input line 212.
LaTeX Font Info:    External font `lmex10' loaded for size
(Font)              <7> on input line 212.
LaTeX Font Info:    Try loading font information for U+msa on input line 212.

(/usr/share/texlive/texmf-dist/tex/latex/amsfonts/umsa.fd
File: umsa.fd 2013/01/14 v3.01 AMS symbols A
)
LaTeX Font Info:    Try loading font information for U+msb on input line 212.

(/usr/share/texlive/texmf-dist/tex/latex/amsfonts/umsb.fd
File: umsb.fd 2013/01/14 v3.01 AMS symbols B
)
Package babel Info: Redefining portuges shorthand "|
(babel)             in language  on input line 212.
Package babel Info: Redefining portuges shorthand "|
(babel)             in language  on input line 212.
 [0

{/var/lib/texmf/fonts/map/pdftex/updmap/pdftex.map} <./logo_uerj_cinza.png>]
LaTeX Font Info:    External font `lmex10' loaded for size
(Font)              <12> on input line 229.
LaTeX Font Info:    External font `lmex10' loaded for size
(Font)              <8> on input line 229.
LaTeX Font Info:    External font `lmex10' loaded for size
(Font)              <6> on input line 229.
<marcadagua_uerj_cinza.png, id=48, 292.4526pt x 321.8424pt>
File: marcadagua_uerj_cinza.png Graphic file (type png)
<use marcadagua_uerj_cinza.png>
Package pdftex.def Info: marcadagua_uerj_cinza.png  used on input line 229.
(pdftex.def)             Requested size: 292.45189pt x 321.84161pt.
Package babel Info: Redefining portuges shorthand "|
(babel)             in language  on input line 229.
Package babel Info: Redefining portuges shorthand "|
(babel)             in language  on input line 229.
 [1

 <./marcadagua_uerj_cinza.png>]
*geometry* verbose mode - [ newgeometry ] result:
* driver: pdftex
* paper: a4paper
* layout: <same size as paper>
* layoutoffset:(h,v)=(0.0pt,0.0pt)
* modes: 
* h-part:(L,W,R)=(56.9055pt, 455.24411pt, 85.35826pt)
* v-part:(T,H,B)=(85.35826pt, 702.78308pt, 56.9055pt)
* \paperwidth=597.50787pt
* \paperheight=845.04684pt
* \textwidth=455.24411pt
* \textheight=702.78308pt
* \oddsidemargin=-15.36449pt
* \evensidemargin=-15.36449pt
* \topmargin=-23.91173pt
* \headheight=12.0pt
* \headsep=25.0pt
* \topskip=12.0pt
* \footskip=30.0pt
* \marginparwidth=35.0pt
* \marginparsep=10.0pt
* \columnsep=10.0pt
* \skip\footins=29.0pt
* \hoffset=0.0pt
* \voffset=0.0pt
* \mag=1000
* \@twocolumnfalse
* \@twosidefalse
* \@mparswitchfalse
* \@reversemarginfalse
* (1in=72.27pt=25.4mm, 1cm=28.453pt)


Underfull \hbox (badness 10000) in paragraph at lines 229--229

 []


Underfull \hbox (badness 10000) in paragraph at lines 229--229

 []


Underfull \hbox (badness 10000) in paragraph at lines 229--229

 []


Underfull \hbox (badness 10000) in paragraph at lines 229--229

 []


Underfull \hbox (badness 10000) in paragraph at lines 229--229

 []

Package babel Info: Redefining portuges shorthand "|
(babel)             in language  on input line 229.
Package babel Info: Redefining portuges shorthand "|
(babel)             in language  on input line 229.
pdfTeX warning (ext4): destination with the same identifier (name{page.1}) has 
been already used, duplicate ignored
<to be read again> 
                   \relax 
l.229 \fichacatalografica{}
                            [1


]
Underfull \hbox (badness 10000) in paragraph at lines 235--235

 []

Package babel Info: Redefining portuges shorthand "|
(babel)             in language  on input line 244.
Package babel Info: Redefining portuges shorthand "|
(babel)             in language  on input line 244.
[2


]
Package babel Info: Redefining portuges shorthand "|
(babel)             in language  on input line 258.
Package babel Info: Redefining portuges shorthand "|
(babel)             in language  on input line 258.
 [3


]
Package babel Info: Redefining portuges shorthand "|
(babel)             in language  on input line 266.
Package babel Info: Redefining portuges shorthand "|
(babel)             in language  on input line 266.
 [4

]
Package babel Info: Redefining portuges shorthand "|
(babel)             in language  on input line 278.
Package babel Info: Redefining portuges shorthand "|
(babel)             in language  on input line 278.
 [5

]
Underfull \hbox (badness 10000) in paragraph at lines 281--283

 []


Underfull \hbox (badness 10000) in paragraph at lines 284--290

 []

Package babel Info: Redefining portuges shorthand "|
(babel)             in language  on input line 290.
Package babel Info: Redefining portuges shorthand "|
(babel)             in language  on input line 290.
[6

]
Underfull \hbox (badness 10000) in paragraph at lines 293--295

 []


Underfull \hbox (badness 10000) in paragraph at lines 296--302

 []

Package babel Info: Redefining portuges shorthand "|
(babel)             in language  on input line 302.
Package babel Info: Redefining portuges shorthand "|
(babel)             in language  on input line 302.
[7

] (./Monografia_MDJVI_Dennis.lof)
\tf@lof=\write5
\openout5 = `Monografia_MDJVI_Dennis.lof'.

Package babel Info: Redefining portuges shorthand "|
(babel)             in language  on input line 303.
Package babel Info: Redefining portuges shorthand "|
(babel)             in language  on input line 303.
 [8

] (./Monografia_MDJVI_Dennis.lop)
\tf@lop=\write6
\openout6 = `Monografia_MDJVI_Dennis.lop'.

Package babel Info: Redefining portuges shorthand "|
(babel)             in language  on input line 304.
Package babel Info: Redefining portuges shorthand "|
(babel)             in language  on input line 304.

[9

] (./Monografia_MDJVI_Dennis.lom)
\tf@lom=\write7
\openout7 = `Monografia_MDJVI_Dennis.lom'.

Package babel Info: Redefining portuges shorthand "|
(babel)             in language  on input line 305.
Package babel Info: Redefining portuges shorthand "|
(babel)             in language  on input line 305.
 [10

] (./Monografia_MDJVI_Dennis.lot)
\tf@lot=\write8
\openout8 = `Monografia_MDJVI_Dennis.lot'.

Package babel Info: Redefining portuges shorthand "|
(babel)             in language  on input line 311.
Package babel Info: Redefining portuges shorthand "|
(babel)             in language  on input line 311.

[11

] (./Monografia_MDJVI_Dennis.loa)
\tf@loa=\write9
\openout9 = `Monografia_MDJVI_Dennis.loa'.

Package babel Info: Redefining portuges shorthand "|
(babel)             in language  on input line 317.
Package babel Info: Redefining portuges shorthand "|
(babel)             in language  on input line 317.
 [12

]
Underfull \hbox (badness 10000) in paragraph at lines 318--318

 []


Underfull \hbox (badness 10000) in paragraph at lines 319--319

 []


Underfull \hbox (badness 10000) in paragraph at lines 320--320

 []


Underfull \hbox (badness 10000) in paragraph at lines 318--326

 []

Package babel Info: Redefining portuges shorthand "|
(babel)             in language  on input line 326.
Package babel Info: Redefining portuges shorthand "|
(babel)             in language  on input line 326.
[13

]
Underfull \hbox (badness 10000) in paragraph at lines 327--327

 []


Underfull \hbox (badness 10000) in paragraph at lines 328--328

 []


Underfull \hbox (badness 10000) in paragraph at lines 329--329

 []


Underfull \hbox (badness 10000) in paragraph at lines 327--335

 []

Package babel Info: Redefining portuges shorthand "|
(babel)             in language  on input line 335.
Package babel Info: Redefining portuges shorthand "|
(babel)             in language  on input line 335.
[14

] (./Monografia_MDJVI_Dennis.toc)
\tf@toc=\write10
\openout10 = `Monografia_MDJVI_Dennis.toc'.

Package babel Info: Redefining portuges shorthand "|
(babel)             in language  on input line 335.
Package babel Info: Redefining portuges shorthand "|
(babel)             in language  on input line 335.
 [15

]
Package babel Info: Redefining portuges shorthand "|
(babel)             in language  on input line 344.


Package hyperref Warning: Token not allowed in a PDF string (PDFDocEncoding):
(hyperref)                removing `\uppercase' on input line 344.


Underfull \hbox (badness 10000) in paragraph at lines 348--350

 []


Underfull \hbox (badness 10000) in paragraph at lines 348--350

 []

Package babel Info: Redefining portuges shorthand "|
(babel)             in language  on input line 356.
Package babel Info: Redefining portuges shorthand "|
(babel)             in language  on input line 356.
[16


]
Package babel Info: Redefining portuges shorthand "|
(babel)             in language  on input line 356.


Package hyperref Warning: Token not allowed in a PDF string (PDFDocEncoding):
(hyperref)                removing `\uppercase' on input line 356.

(./Monografia_MDJVI_Dennis.bbl
Package babel Info: Redefining portuges shorthand "|
(babel)             in language  on input line 3.
Package babel Info: Redefining portuges shorthand "|
(babel)             in language  on input line 3.
 [17

]
Package babel Info: Redefining portuges shorthand "|
(babel)             in language  on input line 3.


Package hyperref Warning: Token not allowed in a PDF string (PDFDocEncoding):
(hyperref)                removing `\uppercase' on input line 3.


LaTeX Warning: Empty `thebibliography' environment on input line 8.

)
Package babel Info: Redefining portuges shorthand "|
(babel)             in language  on input line 377.
Package babel Info: Redefining portuges shorthand "|
(babel)             in language  on input line 377.
 [18

]
Package babel Info: Redefining portuges shorthand "|
(babel)             in language  on input line 377.


Package hyperref Warning: Token not allowed in a PDF string (PDFDocEncoding):
(hyperref)                removing `\uppercase' on input line 377.


Underfull \hbox (badness 10000) in paragraph at lines 380--380

 []


Underfull \hbox (badness 10000) in paragraph at lines 381--381

 []


Underfull \hbox (badness 10000) in paragraph at lines 382--382

 []


Underfull \hbox (badness 10000) in paragraph at lines 380--383

 []

Package babel Info: Redefining portuges shorthand "|
(babel)             in language  on input line 393.
Package babel Info: Redefining portuges shorthand "|
(babel)             in language  on input line 393.
[19

]
\openout2 = `capAntigoProjeto.aux'.

 (./capAntigoProjeto.tex
Ap\^endice A.
Package babel Info: Redefining portuges shorthand "|
(babel)             in language  on input line 1.

Package hyperref Warning: Token not allowed in a PDF string (PDFDocEncoding):
(hyperref)                removing `\uppercase' on input line 1.

Package babel Info: Redefining portuges shorthand "|
(babel)             in language  on input line 16.
Package babel Info: Redefining portuges shorthand "|
(babel)             in language  on input line 16.
[20


]
LaTeX Font Info:    Try loading font information for OMS+lmr on input line 29.
 (/usr/share/texmf/tex/latex/lm/omslmr.fd
File: omslmr.fd 2009/10/30 v1.6 Font defs for Latin Modern
)
LaTeX Font Info:    Font shape `OMS/lmr/m/n' in size <12> not available
(Font)              Font shape `OMS/lmsy/m/n' tried instead on input line 29.
Package babel Info: Redefining portuges shorthand "|
(babel)             in language  on input line 30.
Package babel Info: Redefining portuges shorthand "|
(babel)             in language  on input line 30.
 [21]
Package babel Info: Redefining portuges shorthand "|
(babel)             in language  on input line 60.
Package babel Info: Redefining portuges shorthand "|
(babel)             in language  on input line 60.
 [22]
LaTeX Font Info:    External font `lmex10' loaded for size
(Font)              <5> on input line 66.
Package babel Info: Redefining portuges shorthand "|
(babel)             in language  on input line 77.
Package babel Info: Redefining portuges shorthand "|
(babel)             in language  on input line 77.
 [23]
Package babel Info: Redefining portuges shorthand "|
(babel)             in language  on input line 99.
Package babel Info: Redefining portuges shorthand "|
(babel)             in language  on input line 99.
 [24]
Package babel Info: Redefining portuges shorthand "|
(babel)             in language  on input line 116.
Package babel Info: Redefining portuges shorthand "|
(babel)             in language  on input line 116.
 [25]
Overfull \hbox (2.57573pt too wide) in paragraph at lines 128--129
\T1/lmr/bx/n/12 nho\T1/lmr/m/n/12 , \T1/lmr/bx/n/12 Pin-tura\T1/lmr/m/n/12 , \T
1/lmr/bx/n/12 Gra-vura\T1/lmr/m/n/12 , \T1/lmr/bx/n/12 Do-cu-mento fo-to-gr-fi
co \T1/lmr/m/n/12 e D\T1/lmr/bx/n/12 ocumento di-ploma\T1/lmr/m/n/12 , especifi
cou-
 []

Package babel Info: Redefining portuges shorthand "|
(babel)             in language  on input line 129.
Package babel Info: Redefining portuges shorthand "|
(babel)             in language  on input line 129.
[26]
Overfull \hbox (17.10628pt too wide) in paragraph at lines 132--133
\T1/lmr/m/n/12 as: \T1/lmr/m/it/12 Al-go-do\T1/lmr/m/n/12 , \T1/lmr/m/it/12 A
l-go-do ace-ti-nado\T1/lmr/m/n/12 , \T1/lmr/m/it/12 m-bar\T1/lmr/m/n/12 , \T1
/lmr/m/it/12 Cris-tal e prata\T1/lmr/m/n/12 , \T1/lmr/m/it/12 Plu-mas (papo de 
cisne)/madreprola\T1/lmr/m/n/12 ,
 []

Package babel Info: Redefining portuges shorthand "|
(babel)             in language  on input line 147.
Package babel Info: Redefining portuges shorthand "|
(babel)             in language  on input line 147.
[27]
Package babel Info: Redefining portuges shorthand "|
(babel)             in language  on input line 170.
Package babel Info: Redefining portuges shorthand "|
(babel)             in language  on input line 170.
 [28]
Package babel Info: Redefining portuges shorthand "|
(babel)             in language  on input line 189.
Package babel Info: Redefining portuges shorthand "|
(babel)             in language  on input line 189.
 [29]
Package babel Info: Redefining portuges shorthand "|
(babel)             in language  on input line 223.
Package babel Info: Redefining portuges shorthand "|
(babel)             in language  on input line 223.
 [30]
Package babel Info: Redefining portuges shorthand "|
(babel)             in language  on input line 265.
Package babel Info: Redefining portuges shorthand "|
(babel)             in language  on input line 265.
 [31]
Package babel Info: Redefining portuges shorthand "|
(babel)             in language  on input line 306.
Package babel Info: Redefining portuges shorthand "|
(babel)             in language  on input line 306.
 [32]
Package babel Info: Redefining portuges shorthand "|
(babel)             in language  on input line 352.
Package babel Info: Redefining portuges shorthand "|
(babel)             in language  on input line 352.
 [33]
Package babel Info: Redefining portuges shorthand "|
(babel)             in language  on input line 399.
Package babel Info: Redefining portuges shorthand "|
(babel)             in language  on input line 399.
 [34]
Package babel Info: Redefining portuges shorthand "|
(babel)             in language  on input line 451.
Package babel Info: Redefining portuges shorthand "|
(babel)             in language  on input line 451.
 [35]
Package babel Info: Redefining portuges shorthand "|
(babel)             in language  on input line 494.
Package babel Info: Redefining portuges shorthand "|
(babel)             in language  on input line 494.
 [36]
Package babel Info: Redefining portuges shorthand "|
(babel)             in language  on input line 544.
Package babel Info: Redefining portuges shorthand "|
(babel)             in language  on input line 544.
 [37]
Package babel Info: Redefining portuges shorthand "|
(babel)             in language  on input line 583.
Package babel Info: Redefining portuges shorthand "|
(babel)             in language  on input line 583.
 [38]
Package babel Info: Redefining portuges shorthand "|
(babel)             in language  on input line 602.
Package babel Info: Redefining portuges shorthand "|
(babel)             in language  on input line 602.
 [39]
Package babel Info: Redefining portuges shorthand "|
(babel)             in language  on input line 634.
Package babel Info: Redefining portuges shorthand "|
(babel)             in language  on input line 634.
 [40]
Package babel Info: Redefining portuges shorthand "|
(babel)             in language  on input line 666.
Package babel Info: Redefining portuges shorthand "|
(babel)             in language  on input line 666.
 [41]
Package babel Info: Redefining portuges shorthand "|
(babel)             in language  on input line 695.
Package babel Info: Redefining portuges shorthand "|
(babel)             in language  on input line 695.

[42]
Package babel Info: Redefining portuges shorthand "|
(babel)             in language  on input line 727.
Package babel Info: Redefining portuges shorthand "|
(babel)             in language  on input line 727.
 [43]
Package babel Info: Redefining portuges shorthand "|
(babel)             in language  on input line 763.
Package babel Info: Redefining portuges shorthand "|
(babel)             in language  on input line 763.
 [44]
Package babel Info: Redefining portuges shorthand "|
(babel)             in language  on input line 799.
Package babel Info: Redefining portuges shorthand "|
(babel)             in language  on input line 799.
 [45]
Package babel Info: Redefining portuges shorthand "|
(babel)             in language  on input line 835.
Package babel Info: Redefining portuges shorthand "|
(babel)             in language  on input line 835.
 [46]
Package babel Info: Redefining portuges shorthand "|
(babel)             in language  on input line 873.
Package babel Info: Redefining portuges shorthand "|
(babel)             in language  on input line 873.
 [47]
Package babel Info: Redefining portuges shorthand "|
(babel)             in language  on input line 912.
Package babel Info: Redefining portuges shorthand "|
(babel)             in language  on input line 912.
 [48]
Package babel Info: Redefining portuges shorthand "|
(babel)             in language  on input line 941.
Package babel Info: Redefining portuges shorthand "|
(babel)             in language  on input line 941.
 [49]
Package babel Info: Redefining portuges shorthand "|
(babel)             in language  on input line 962.
Package babel Info: Redefining portuges shorthand "|
(babel)             in language  on input line 962.
 [50]
Package babel Info: Redefining portuges shorthand "|
(babel)             in language  on input line 1002.
Package babel Info: Redefining portuges shorthand "|
(babel)             in language  on input line 1002.
 [51]
Package babel Info: Redefining portuges shorthand "|
(babel)             in language  on input line 1046.
Package babel Info: Redefining portuges shorthand "|
(babel)             in language  on input line 1046.
 [52]
Package babel Info: Redefining portuges shorthand "|
(babel)             in language  on input line 1088.
Package babel Info: Redefining portuges shorthand "|
(babel)             in language  on input line 1088.
 [53]
Package babel Info: Redefining portuges shorthand "|
(babel)             in language  on input line 1130.
Package babel Info: Redefining portuges shorthand "|
(babel)             in language  on input line 1130.
 [54]
Package babel Info: Redefining portuges shorthand "|
(babel)             in language  on input line 1174.
Package babel Info: Redefining portuges shorthand "|
(babel)             in language  on input line 1174.
 [55]
Package babel Info: Redefining portuges shorthand "|
(babel)             in language  on input line 1224.
Package babel Info: Redefining portuges shorthand "|
(babel)             in language  on input line 1224.
 [56]
Package babel Info: Redefining portuges shorthand "|
(babel)             in language  on input line 1265.
Package babel Info: Redefining portuges shorthand "|
(babel)             in language  on input line 1265.

[57]
Package babel Info: Redefining portuges shorthand "|
(babel)             in language  on input line 1312.
Package babel Info: Redefining portuges shorthand "|
(babel)             in language  on input line 1312.
 [58]
Package babel Info: Redefining portuges shorthand "|
(babel)             in language  on input line 1355.
Package babel Info: Redefining portuges shorthand "|
(babel)             in language  on input line 1355.
 [59]
Package babel Info: Redefining portuges shorthand "|
(babel)             in language  on input line 1397.
Package babel Info: Redefining portuges shorthand "|
(babel)             in language  on input line 1397.
 [60])
Package babel Info: Redefining portuges shorthand "|
(babel)             in language  on input line 393.
Package babel Info: Redefining portuges shorthand "|
(babel)             in language  on input line 393.
 [61]
\openout2 = `capProfile.aux'.

 (./capProfile.tex
Ap\^endice B.
Package babel Info: Redefining portuges shorthand "|
(babel)             in language  on input line 2.

Package hyperref Warning: Token not allowed in a PDF string (PDFDocEncoding):
(hyperref)                removing `\uppercase' on input line 2.

(/usr/share/texlive/texmf-dist/tex/latex/base/utf8.def
File: utf8.def 2017/01/28 v1.1t UTF-8 support for inputenc
)
Package babel Info: Redefining portuges shorthand "|
(babel)             in language  on input line 34.
Package babel Info: Redefining portuges shorthand "|
(babel)             in language  on input line 34.
 [62



]
Overfull \hbox (1.9078pt too wide) in paragraph at lines 38--39
[]\T1/lmr/m/n/12 As re-pre-sen-ta-es per-mi-tem de-ta-lhar
 []

Package babel Info: Redefining portuges shorthand "|
(babel)             in language  on input line 40.
Package babel Info: Redefining portuges shorthand "|
(babel)             in language  on input line 40.
[63]
Package babel Info: Redefining portuges shorthand "|
(babel)             in language  on input line 56.
Package babel Info: Redefining portuges shorthand "|
(babel)             in language  on input line 56.
 [64]
Package babel Info: Redefining portuges shorthand "|
(babel)             in language  on input line 98.
Package babel Info: Redefining portuges shorthand "|
(babel)             in language  on input line 98.
 [65]
Package babel Info: Redefining portuges shorthand "|
(babel)             in language  on input line 141.
Package babel Info: Redefining portuges shorthand "|
(babel)             in language  on input line 141.
 [66]
Package babel Info: Redefining portuges shorthand "|
(babel)             in language  on input line 172.
Package babel Info: Redefining portuges shorthand "|
(babel)             in language  on input line 172.
 [67]
Package babel Info: Redefining portuges shorthand "|
(babel)             in language  on input line 198.
Package babel Info: Redefining portuges shorthand "|
(babel)             in language  on input line 198.
 [68]
Package babel Info: Redefining portuges shorthand "|
(babel)             in language  on input line 228.
Package babel Info: Redefining portuges shorthand "|
(babel)             in language  on input line 228.
 [69]
Underfull \hbox (badness 10000) in paragraph at lines 243--244

 []

Package babel Info: Redefining portuges shorthand "|
(babel)             in language  on input line 257.
Package babel Info: Redefining portuges shorthand "|
(babel)             in language  on input line 257.
[70]
Package babel Info: Redefining portuges shorthand "|
(babel)             in language  on input line 285.
Package babel Info: Redefining portuges shorthand "|
(babel)             in language  on input line 285.
 [71]
Package babel Info: Redefining portuges shorthand "|
(babel)             in language  on input line 314.
Package babel Info: Redefining portuges shorthand "|
(babel)             in language  on input line 314.
 [72]
Package babel Info: Redefining portuges shorthand "|
(babel)             in language  on input line 339.
Package babel Info: Redefining portuges shorthand "|
(babel)             in language  on input line 339.
 [73]
Package babel Info: Redefining portuges shorthand "|
(babel)             in language  on input line 366.
Package babel Info: Redefining portuges shorthand "|
(babel)             in language  on input line 366.
 [74])
Package babel Info: Redefining portuges shorthand "|
(babel)             in language  on input line 394.
Package babel Info: Redefining portuges shorthand "|
(babel)             in language  on input line 394.
 [75]
\openout2 = `capFicha.aux'.

 (./capFicha.tex
Ap\^endice C.
Package babel Info: Redefining portuges shorthand "|
(babel)             in language  on input line 2.

Package hyperref Warning: Token not allowed in a PDF string (PDFDocEncoding):
(hyperref)                removing `\uppercase' on input line 2.

)
Package babel Info: Redefining portuges shorthand "|
(babel)             in language  on input line 395.
Package babel Info: Redefining portuges shorthand "|
(babel)             in language  on input line 395.
 [76



]pdfTeX warning (ext4): destination with the same identifier (name{appendix.A})
 has been already used, duplicate ignored
<to be read again> 
                   \relax 
l.406 \postextualchapter{Primeiro anexo}
                                        
Anexo A.
Package babel Info: Redefining portuges shorthand "|
(babel)             in language  on input line 406.

Package hyperref Warning: Token not allowed in a PDF string (PDFDocEncoding):
(hyperref)                removing `\uppercase' on input line 406.

pdfTeX warning (ext4): destination with the same identifier (name{section.A.1})
 has been already used, duplicate ignored
<to be read again> 
                   \relax 
l.410 \section{Primeira seo}
                                
Package babel Info: Redefining portuges shorthand "|
(babel)             in language  on input line 428.
Package babel Info: Redefining portuges shorthand "|
(babel)             in language  on input line 428.
 [77


]pdfTeX warning (ext4): destination with the same identifier (name{appendix.B})
 has been already used, duplicate ignored
<to be read again> 
                   \relax 
l.428 \postextualchapter{Segundo anexo}
                                       
Anexo B.
Package babel Info: Redefining portuges shorthand "|
(babel)             in language  on input line 428.

Package hyperref Warning: Token not allowed in a PDF string (PDFDocEncoding):
(hyperref)                removing `\uppercase' on input line 428.

pdfTeX warning (ext4): destination with the same identifier (name{section.B.1})
 has been already used, duplicate ignored
<to be read again> 
                   \relax 
l.432 \section{Primeira seo}
                                 
AED: lastpage setting LastPage
Package babel Info: Redefining portuges shorthand "|
(babel)             in language  on input line 450.
Package babel Info: Redefining portuges shorthand "|
(babel)             in language  on input line 450.
[78

]
Package babel Info: Redefining portuges shorthand "|
(babel)             in language  on input line 450.
Package atveryend Info: Empty hook `BeforeClearDocument' on input line 450.
Package atveryend Info: Empty hook `AfterLastShipout' on input line 450.
 (./Monografia_MDJVI_Dennis.aux (./capAntigoProjeto.aux) (./capProfile.aux) (./
capFicha.aux))
Package atveryend Info: Executing hook `AtVeryEndDocument' on input line 450.
Package atveryend Info: Executing hook `AtEndAfterFileList' on input line 450.
Package rerunfilecheck Info: File `Monografia_MDJVI_Dennis.out' has not changed
.
(rerunfilecheck)             Checksum: B446FA7ABC19AC7E5507451450097773;607.
Package atveryend Info: Empty hook `AtVeryVeryEnd' on input line 450.
 ) 
Here is how much of TeX's memory you used:
 14175 strings out of 494903
 200423 string characters out of 6179961
 354077 words of memory out of 5000000
 16753 multiletter control sequences out of 15000+600000
 66289 words of font info for 65 fonts, out of 8000000 for 9000
 16 hyphenation exceptions out of 8191
 43i,12n,49p,1185b,1540s stack positions out of 5000i,500n,10000p,200000b,80000s
{/usr/share/texmf/fonts/enc/dvips/lm/lm-mathit.enc}{/usr/share/texmf/fonts/en
c/dvips/lm/lm-ec.enc}{/usr/share/texmf/fonts/enc/dvips/lm/lm-mathsy.enc}{/usr/s
hare/texmf/fonts/enc/dvips/lm/lm-rm.enc}</usr/share/texmf/fonts/type1/public/lm
/lmbx12.pfb></usr/share/texmf/fonts/type1/public/lm/lmmi12.pfb></usr/share/texm
f/fonts/type1/public/lm/lmmi8.pfb></usr/share/texmf/fonts/type1/public/lm/lmr10
.pfb></usr/share/texmf/fonts/type1/public/lm/lmr12.pfb></usr/share/texmf/fonts/
type1/public/lm/lmr7.pfb></usr/share/texmf/fonts/type1/public/lm/lmr8.pfb></usr
/share/texmf/fonts/type1/public/lm/lmri10.pfb></usr/share/texmf/fonts/type1/pub
lic/lm/lmri12.pfb></usr/share/texmf/fonts/type1/public/lm/lmsy10.pfb>
Output written on Monografia_MDJVI_Dennis.pdf (80 pages, 551756 bytes).
PDF statistics:
 865 PDF objects out of 1000 (max. 8388607)
 763 compressed objects within 8 object streams
 420 named destinations out of 1000 (max. 500000)
 83 words of extra memory for PDF output out of 10000 (max. 10000000)

